<?xml version="1.0" encoding="UTF-8"?>
<!-- Generated by org.testng.reporters.JUnitXMLReporter -->
<testsuite ignored="0" hostname="MBP-C02D5HV0MD6M" failures="4" tests="10" name="Surefire test" time="0.051" errors="0" timestamp="2023-08-31T16:16:18 IST">
  <testcase classname="verifyJenkinTest" name="test1" time="0.01">
    <failure type="java.lang.AssertionError" message="expected [true] but found [false]">
      <![CDATA[java.lang.AssertionError: expected [true] but found [false]
at verifyJenkinTest.test1(verifyJenkinTest.java:9)
at java.base/java.util.ArrayList.forEach(ArrayList.java:1511)
... Removed 34 stack frames]]>
    </failure>
  </testcase> <!-- test1 -->
  <testcase classname="verifyJenkinTest" name="test10" time="0.001"/>
  <testcase classname="verifyJenkinTest" name="test2" time="0.0">
    <failure type="java.lang.AssertionError" message="expected [true] but found [false]">
      <![CDATA[java.lang.AssertionError: expected [true] but found [false]
at verifyJenkinTest.test2(verifyJenkinTest.java:15)
at java.base/java.util.ArrayList.forEach(ArrayList.java:1511)
... Removed 34 stack frames]]>
    </failure>
  </testcase> <!-- test2 -->
  <testcase classname="verifyJenkinTest" name="test3" time="0.0">
    <failure type="java.lang.AssertionError" message="expected [true] but found [false]">
      <![CDATA[java.lang.AssertionError: expected [true] but found [false]
at verifyJenkinTest.test3(verifyJenkinTest.java:21)
at java.base/java.util.ArrayList.forEach(ArrayList.java:1511)
... Removed 34 stack frames]]>
    </failure>
  </testcase> <!-- test3 -->
  <testcase classname="verifyJenkinTest" name="test4" time="0.001">
    <failure type="java.lang.AssertionError" message="expected [true] but found [false]">
      <![CDATA[java.lang.AssertionError: expected [true] but found [false]
at verifyJenkinTest.test4(verifyJenkinTest.java:27)
at java.base/java.util.ArrayList.forEach(ArrayList.java:1511)
... Removed 34 stack frames]]>
    </failure>
  </testcase> <!-- test4 -->
  <testcase classname="verifyJenkinTest" name="test5" time="0.0"/>
  <testcase classname="verifyJenkinTest" name="test6" time="0.001"/>
  <testcase classname="verifyJenkinTest" name="test7" time="0.001"/>
  <testcase classname="verifyJenkinTest" name="test8" time="0.0"/>
  <testcase classname="verifyJenkinTest" name="test9" time="0.0"/>
</testsuite> <!-- Surefire test -->
